{"C:\\Users\\dhinesh.kumarr\\AutoWash-React\\my-app\\src\\index.js": {"path":"C:\\Users\\dhinesh.kumarr\\AutoWash-React\\my-app\\src\\index.js","statementMap":{"0":{"start":{"line":7,"column":0},"end":{"line":12,"column":2}},"1":{"start":{"line":17,"column":0},"end":{"line":17,"column":18}}},"fnMap":{},"branchMap":{},"s":{"0":0,"1":0},"f":{},"b":{}}
,"C:\\Users\\dhinesh.kumarr\\AutoWash-React\\my-app\\src\\reportWebVitals.js": {"path":"C:\\Users\\dhinesh.kumarr\\AutoWash-React\\my-app\\src\\reportWebVitals.js","statementMap":{"0":{"start":{"line":1,"column":24},"end":{"line":11,"column":1}},"1":{"start":{"line":2,"column":2},"end":{"line":10,"column":3}},"2":{"start":{"line":3,"column":4},"end":{"line":9,"column":7}},"3":{"start":{"line":4,"column":6},"end":{"line":4,"column":26}},"4":{"start":{"line":5,"column":6},"end":{"line":5,"column":26}},"5":{"start":{"line":6,"column":6},"end":{"line":6,"column":26}},"6":{"start":{"line":7,"column":6},"end":{"line":7,"column":26}},"7":{"start":{"line":8,"column":6},"end":{"line":8,"column":27}}},"fnMap":{"0":{"name":"(anonymous_0)","decl":{"start":{"line":1,"column":24},"end":{"line":1,"column":25}},"loc":{"start":{"line":1,"column":39},"end":{"line":11,"column":1}},"line":1},"1":{"name":"(anonymous_1)","decl":{"start":{"line":3,"column":30},"end":{"line":3,"column":31}},"loc":{"start":{"line":3,"column":79},"end":{"line":9,"column":5}},"line":3}},"branchMap":{"0":{"loc":{"start":{"line":2,"column":2},"end":{"line":10,"column":3}},"type":"if","locations":[{"start":{"line":2,"column":2},"end":{"line":10,"column":3}},{"start":{"line":2,"column":2},"end":{"line":10,"column":3}}],"line":2},"1":{"loc":{"start":{"line":2,"column":6},"end":{"line":2,"column":52}},"type":"binary-expr","locations":[{"start":{"line":2,"column":6},"end":{"line":2,"column":17}},{"start":{"line":2,"column":21},"end":{"line":2,"column":52}}],"line":2}},"s":{"0":0,"1":0,"2":0,"3":0,"4":0,"5":0,"6":0,"7":0},"f":{"0":0,"1":0},"b":{"0":[0,0],"1":[0,0]}}
,"C:\\Users\\dhinesh.kumarr\\AutoWash-React\\my-app\\src\\Components\\App.js": {"path":"C:\\Users\\dhinesh.kumarr\\AutoWash-React\\my-app\\src\\Components\\App.js","statementMap":{"0":{"start":{"line":17,"column":2},"end":{"line":17,"column":45}},"1":{"start":{"line":17,"column":27},"end":{"line":17,"column":43}},"2":{"start":{"line":19,"column":21},"end":{"line":25,"column":1}},"3":{"start":{"line":20,"column":2},"end":{"line":24,"column":3}},"4":{"start":{"line":21,"column":4},"end":{"line":21,"column":61}},"5":{"start":{"line":23,"column":4},"end":{"line":23,"column":60}},"6":{"start":{"line":28,"column":19},"end":{"line":31,"column":1}},"7":{"start":{"line":29,"column":2},"end":{"line":29,"column":30}},"8":{"start":{"line":30,"column":2},"end":{"line":30,"column":41}},"9":{"start":{"line":34,"column":2},"end":{"line":51,"column":4}}},"fnMap":{"0":{"name":"App","decl":{"start":{"line":16,"column":9},"end":{"line":16,"column":12}},"loc":{"start":{"line":16,"column":15},"end":{"line":52,"column":1}},"line":16},"1":{"name":"(anonymous_1)","decl":{"start":{"line":17,"column":20},"end":{"line":17,"column":21}},"loc":{"start":{"line":17,"column":26},"end":{"line":17,"column":44}},"line":17},"2":{"name":"(anonymous_2)","decl":{"start":{"line":19,"column":21},"end":{"line":19,"column":22}},"loc":{"start":{"line":19,"column":26},"end":{"line":25,"column":1}},"line":19},"3":{"name":"(anonymous_3)","decl":{"start":{"line":28,"column":19},"end":{"line":28,"column":20}},"loc":{"start":{"line":28,"column":25},"end":{"line":31,"column":1}},"line":28}},"branchMap":{"0":{"loc":{"start":{"line":20,"column":2},"end":{"line":24,"column":3}},"type":"if","locations":[{"start":{"line":20,"column":2},"end":{"line":24,"column":3}},{"start":{"line":20,"column":2},"end":{"line":24,"column":3}}],"line":20},"1":{"loc":{"start":{"line":20,"column":7},"end":{"line":20,"column":78}},"type":"binary-expr","locations":[{"start":{"line":20,"column":7},"end":{"line":20,"column":35}},{"start":{"line":20,"column":39},"end":{"line":20,"column":78}}],"line":20}},"s":{"0":1,"1":0,"2":1,"3":0,"4":0,"5":0,"6":1,"7":0,"8":0,"9":1},"f":{"0":1,"1":0,"2":0,"3":0},"b":{"0":[0,0],"1":[0,0]},"_coverageSchema":"1a1c01bbd47fc00a2c39e90264f33305004495a9","hash":"3e03d5f653b78e1343def63f0488213ff6adf448"}
,"C:\\Users\\dhinesh.kumarr\\AutoWash-React\\my-app\\src\\Components\\Footer.js": {"path":"C:\\Users\\dhinesh.kumarr\\AutoWash-React\\my-app\\src\\Components\\Footer.js","statementMap":{"0":{"start":{"line":5,"column":4},"end":{"line":88,"column":6}}},"fnMap":{"0":{"name":"Footer","decl":{"start":{"line":4,"column":9},"end":{"line":4,"column":15}},"loc":{"start":{"line":4,"column":23},"end":{"line":89,"column":1}},"line":4}},"branchMap":{},"s":{"0":1},"f":{"0":1},"b":{},"_coverageSchema":"1a1c01bbd47fc00a2c39e90264f33305004495a9","hash":"203618551e9dcabd12e5596c08284f54704863e5"}
,"C:\\Users\\dhinesh.kumarr\\AutoWash-React\\my-app\\src\\Components\\Header.js": {"path":"C:\\Users\\dhinesh.kumarr\\AutoWash-React\\my-app\\src\\Components\\Header.js","statementMap":{"0":{"start":{"line":12,"column":4},"end":{"line":48,"column":6}}},"fnMap":{"0":{"name":"Header","decl":{"start":{"line":11,"column":9},"end":{"line":11,"column":15}},"loc":{"start":{"line":11,"column":23},"end":{"line":49,"column":1}},"line":11}},"branchMap":{},"s":{"0":1},"f":{"0":1},"b":{},"_coverageSchema":"1a1c01bbd47fc00a2c39e90264f33305004495a9","hash":"21d4841d17c2e7087cea777cbbdde017586e2d80"}
,"C:\\Users\\dhinesh.kumarr\\AutoWash-React\\my-app\\src\\Components\\TopBar.js": {"path":"C:\\Users\\dhinesh.kumarr\\AutoWash-React\\my-app\\src\\Components\\TopBar.js","statementMap":{"0":{"start":{"line":3,"column":4},"end":{"line":27,"column":6}}},"fnMap":{"0":{"name":"TopBar","decl":{"start":{"line":2,"column":9},"end":{"line":2,"column":15}},"loc":{"start":{"line":2,"column":18},"end":{"line":28,"column":1}},"line":2}},"branchMap":{},"s":{"0":1},"f":{"0":1},"b":{},"_coverageSchema":"1a1c01bbd47fc00a2c39e90264f33305004495a9","hash":"7b117c38c30da8d36ba8eb8f34a0e2570f98a124"}
,"C:\\Users\\dhinesh.kumarr\\AutoWash-React\\my-app\\src\\Components\\Header-comp\\About.js": {"path":"C:\\Users\\dhinesh.kumarr\\AutoWash-React\\my-app\\src\\Components\\Header-comp\\About.js","statementMap":{"0":{"start":{"line":4,"column":4},"end":{"line":31,"column":6}}},"fnMap":{"0":{"name":"About","decl":{"start":{"line":3,"column":9},"end":{"line":3,"column":14}},"loc":{"start":{"line":3,"column":17},"end":{"line":32,"column":1}},"line":3}},"branchMap":{},"s":{"0":1},"f":{"0":1},"b":{},"_coverageSchema":"1a1c01bbd47fc00a2c39e90264f33305004495a9","hash":"06883d5a8c6b5e230ff3c89506986c8163e7c85c"}
,"C:\\Users\\dhinesh.kumarr\\AutoWash-React\\my-app\\src\\Components\\Header-comp\\Carousel.js": {"path":"C:\\Users\\dhinesh.kumarr\\AutoWash-React\\my-app\\src\\Components\\Header-comp\\Carousel.js","statementMap":{"0":{"start":{"line":10,"column":8},"end":{"line":25,"column":10}}},"fnMap":{"0":{"name":"(anonymous_0)","decl":{"start":{"line":9,"column":4},"end":{"line":9,"column":5}},"loc":{"start":{"line":9,"column":13},"end":{"line":26,"column":5}},"line":9}},"branchMap":{},"s":{"0":1},"f":{"0":1},"b":{},"_coverageSchema":"1a1c01bbd47fc00a2c39e90264f33305004495a9","hash":"7a387ca10faf9b48c5f0a5e3468234320aa559cd"}
,"C:\\Users\\dhinesh.kumarr\\AutoWash-React\\my-app\\src\\Components\\Header-comp\\Contact.js": {"path":"C:\\Users\\dhinesh.kumarr\\AutoWash-React\\my-app\\src\\Components\\Header-comp\\Contact.js","statementMap":{"0":{"start":{"line":5,"column":14},"end":{"line":102,"column":1}},"1":{"start":{"line":6,"column":4},"end":{"line":101,"column":6}}},"fnMap":{"0":{"name":"(anonymous_0)","decl":{"start":{"line":5,"column":14},"end":{"line":5,"column":15}},"loc":{"start":{"line":5,"column":25},"end":{"line":102,"column":1}},"line":5}},"branchMap":{},"s":{"0":2,"1":1},"f":{"0":1},"b":{},"_coverageSchema":"1a1c01bbd47fc00a2c39e90264f33305004495a9","hash":"9ffe1ff673d84e2c5b6afa9c9c5f76f5bcff4054"}
,"C:\\Users\\dhinesh.kumarr\\AutoWash-React\\my-app\\src\\Components\\Header-comp\\Home.js": {"path":"C:\\Users\\dhinesh.kumarr\\AutoWash-React\\my-app\\src\\Components\\Header-comp\\Home.js","statementMap":{"0":{"start":{"line":6,"column":4},"end":{"line":150,"column":6}}},"fnMap":{"0":{"name":"Home","decl":{"start":{"line":5,"column":9},"end":{"line":5,"column":13}},"loc":{"start":{"line":5,"column":21},"end":{"line":151,"column":1}},"line":5}},"branchMap":{},"s":{"0":0},"f":{"0":0},"b":{},"_coverageSchema":"1a1c01bbd47fc00a2c39e90264f33305004495a9","hash":"c90f784854f82c6e57d1da806a6623dc31c20aea"}
,"C:\\Users\\dhinesh.kumarr\\AutoWash-React\\my-app\\src\\Components\\Header-comp\\Price.js": {"path":"C:\\Users\\dhinesh.kumarr\\AutoWash-React\\my-app\\src\\Components\\Header-comp\\Price.js","statementMap":{"0":{"start":{"line":4,"column":4},"end":{"line":52,"column":6}}},"fnMap":{"0":{"name":"Price","decl":{"start":{"line":3,"column":9},"end":{"line":3,"column":14}},"loc":{"start":{"line":3,"column":22},"end":{"line":53,"column":1}},"line":3}},"branchMap":{},"s":{"0":1},"f":{"0":1},"b":{},"_coverageSchema":"1a1c01bbd47fc00a2c39e90264f33305004495a9","hash":"fd739732e274e58a774fbc609f630ff6e81d4886"}
,"C:\\Users\\dhinesh.kumarr\\AutoWash-React\\my-app\\src\\Components\\Header-comp\\Service.js": {"path":"C:\\Users\\dhinesh.kumarr\\AutoWash-React\\my-app\\src\\Components\\Header-comp\\Service.js","statementMap":{"0":{"start":{"line":10,"column":4},"end":{"line":68,"column":6}}},"fnMap":{"0":{"name":"Service","decl":{"start":{"line":9,"column":9},"end":{"line":9,"column":16}},"loc":{"start":{"line":9,"column":24},"end":{"line":69,"column":1}},"line":9}},"branchMap":{},"s":{"0":1},"f":{"0":1},"b":{},"_coverageSchema":"1a1c01bbd47fc00a2c39e90264f33305004495a9","hash":"9be1b1e031cab0927d2ce36432dd874c104e0f90"}
,"C:\\Users\\dhinesh.kumarr\\AutoWash-React\\my-app\\src\\Components\\Header-comp\\WashingPoints.js": {"path":"C:\\Users\\dhinesh.kumarr\\AutoWash-React\\my-app\\src\\Components\\Header-comp\\WashingPoints.js","statementMap":{"0":{"start":{"line":6,"column":4},"end":{"line":104,"column":6}}},"fnMap":{"0":{"name":"WashingPoints","decl":{"start":{"line":5,"column":9},"end":{"line":5,"column":22}},"loc":{"start":{"line":5,"column":30},"end":{"line":105,"column":1}},"line":5}},"branchMap":{},"s":{"0":1},"f":{"0":1},"b":{},"_coverageSchema":"1a1c01bbd47fc00a2c39e90264f33305004495a9","hash":"1c8ac9ea65604f1fdaff3bd44434d02e9c874b75"}
}
