TN:
SF:src\index.js
FNF:0
FNH:0
DA:7,0
DA:17,0
LF:2
LH:0
BRF:0
BRH:0
end_of_record
TN:
SF:src\reportWebVitals.js
FN:1,(anonymous_0)
FN:3,(anonymous_1)
FNF:2
FNH:0
FNDA:0,(anonymous_0)
FNDA:0,(anonymous_1)
DA:1,0
DA:2,0
DA:3,0
DA:4,0
DA:5,0
DA:6,0
DA:7,0
DA:8,0
LF:8
LH:0
BRDA:2,0,0,0
BRDA:2,0,1,0
BRDA:2,1,0,0
BRDA:2,1,1,0
BRF:4
BRH:0
end_of_record
TN:
SF:src\Components\App.js
FN:16,App
FN:17,(anonymous_1)
FN:19,(anonymous_2)
FN:28,(anonymous_3)
FNF:4
FNH:1
FNDA:1,App
FNDA:0,(anonymous_1)
FNDA:0,(anonymous_2)
FNDA:0,(anonymous_3)
DA:17,1
DA:19,1
DA:20,0
DA:21,0
DA:23,0
DA:28,1
DA:29,0
DA:30,0
DA:34,1
LF:9
LH:4
BRDA:20,0,0,0
BRDA:20,0,1,0
BRDA:20,1,0,0
BRDA:20,1,1,0
BRF:4
BRH:0
end_of_record
TN:
SF:src\Components\Footer.js
FN:4,Footer
FNF:1
FNH:1
FNDA:1,Footer
DA:5,1
LF:1
LH:1
BRF:0
BRH:0
end_of_record
TN:
SF:src\Components\Header.js
FN:11,Header
FNF:1
FNH:1
FNDA:1,Header
DA:12,1
LF:1
LH:1
BRF:0
BRH:0
end_of_record
TN:
SF:src\Components\TopBar.js
FN:2,TopBar
FNF:1
FNH:1
FNDA:1,TopBar
DA:3,1
LF:1
LH:1
BRF:0
BRH:0
end_of_record
TN:
SF:src\Components\Header-comp\About.js
FN:3,About
FNF:1
FNH:1
FNDA:1,About
DA:4,1
LF:1
LH:1
BRF:0
BRH:0
end_of_record
TN:
SF:src\Components\Header-comp\Carousel.js
FN:9,(anonymous_0)
FNF:1
FNH:1
FNDA:1,(anonymous_0)
DA:10,1
LF:1
LH:1
BRF:0
BRH:0
end_of_record
TN:
SF:src\Components\Header-comp\Contact.js
FN:5,(anonymous_0)
FNF:1
FNH:1
FNDA:1,(anonymous_0)
DA:5,2
DA:6,1
LF:2
LH:2
BRF:0
BRH:0
end_of_record
TN:
SF:src\Components\Header-comp\Home.js
FN:5,Home
FNF:1
FNH:0
FNDA:0,Home
DA:6,0
LF:1
LH:0
BRF:0
BRH:0
end_of_record
TN:
SF:src\Components\Header-comp\Price.js
FN:3,Price
FNF:1
FNH:1
FNDA:1,Price
DA:4,1
LF:1
LH:1
BRF:0
BRH:0
end_of_record
TN:
SF:src\Components\Header-comp\Service.js
FN:9,Service
FNF:1
FNH:1
FNDA:1,Service
DA:10,1
LF:1
LH:1
BRF:0
BRH:0
end_of_record
TN:
SF:src\Components\Header-comp\WashingPoints.js
FN:5,WashingPoints
FNF:1
FNH:1
FNDA:1,WashingPoints
DA:6,1
LF:1
LH:1
BRF:0
BRH:0
end_of_record
